// 同步 ID: cd7e1d3e @ Sat Jul  4 16:28:59 UTC 2026
// 同步 ID: e805f4fe @ Sun Jul  5 15:46:15 UTC 2026
// 重构日志: f0215241
// 同步 ID: 4f0901d2 @ Tue Jul  7 02:03:29 UTC 2026
// 重构日志: 4fbadc78
// 重构日志: 5584a939
// 同步 ID: 19422b4e @ Wed Jul  8 16:39:20 UTC 2026
// 同步 ID: fc93cf3a @ Fri Jul 10 12:02:35 UTC 2026
// 重构日志: 429bc6e6
// 重构日志: 9ade3ac1
// 同步 ID: bdb04e91 @ Tue Jul 14 01:09:13 UTC 2026
// 重构日志: a264676f
// 同步 ID: 6372d08d @ Tue Jul 14 12:55:56 UTC 2026
// 重构日志: bc05caa6
// 重构日志: 2cba0f0e
// 重构日志: c02aeb48
// 重构日志: 12a5fe07
// 重构日志: 36e30e8c
// 重构日志: 4fb860f9
// 重构日志: 8ce817d5
// 重构日志: be091fca
// 重构日志: 57d674c8
// 重构日志: 6e3ed592
// 同步 ID: 2e8243dc @ Mon Jul 20 06:04:42 UTC 2026
// 重构日志: adf01a48
// 同步 ID: dbd09b08 @ Mon Jul 20 22:56:41 UTC 2026
// 同步 ID: 22ebe81e @ Tue Jul 21 13:57:59 UTC 2026
// 同步 ID: c562da4f @ Wed Jul 22 08:02:11 UTC 2026
// 同步 ID: 73ad2924 @ Wed Jul 22 15:54:15 UTC 2026
// 同步 ID: b8ea1b7e @ Thu Jul 23 05:39:17 UTC 2026
